<?xml version="1.0" encoding="utf-8"?><testsuites name="pytest tests"><testsuite name="pytest" errors="0" failures="0" skipped="0" tests="6" time="5.920" timestamp="2026-09-08T10:24:03.390969+00:00" hostname="agent-env-2b89e19f-0db8-4cf9-9696-c83801d4db07"><testcase classname="tests.test_nine_features" name="test_vacancies_list_no_freejobalert_in_text_fields" time="0.395" /><testcase classname="tests.test_nine_features" name="test_vacancy_detail_branded_and_pdf_intact" time="0.421" /><testcase classname="tests.test_nine_features" name="test_search_without_filter_covers_admit_card_and_result" time="0.315" /><testcase classname="tests.test_nine_features" name="test_search_admit_card_term_surfaces_admit_card" time="0.188" /><testcase classname="tests.test_nine_features" name="test_manual_lock_edit_survives_refresh" time="3.136" /><testcase classname="tests.test_nine_features" name="test_blog_create_and_update_center_image" time="1.119" /></testsuite></testsuites>